<?xml version="1.0" encoding="UTF-8"?>
<robot generator="Robot 3.1.2 (Python 3.7.4 on win32)" generated="20200409 22:44:07.378" rpa="false">
<suite id="s1" name="RegistrationTest1" source="C:\MyProjects\RobotPageObjectModelProject\TestCases\RegistrationTest1.robot">
<test id="s1-t1" name="Registration Test">
<kw name="Open My Application" library="RegistrationKeywords">
<arguments>
<arg>${SiteUrl}</arg>
<arg>${Browser}</arg>
</arguments>
<kw name="Open Browser" library="SeleniumLibrary">
<doc>Opens a new browser instance to the optional ``url``.</doc>
<arguments>
<arg>${SiteUrl}</arg>
<arg>${Browser}</arg>
</arguments>
<msg timestamp="20200409 22:44:07.628" level="INFO">Opening browser 'chrome' to base url 'http://www.newtours.demoaut.com'.</msg>
<status status="PASS" starttime="20200409 22:44:07.628" endtime="20200409 22:44:15.607"></status>
</kw>
<kw name="Maximize Browser Window" library="SeleniumLibrary">
<doc>Maximizes current browser window.</doc>
<status status="PASS" starttime="20200409 22:44:15.607" endtime="20200409 22:44:19.769"></status>
</kw>
<status status="PASS" starttime="20200409 22:44:07.628" endtime="20200409 22:44:19.769"></status>
</kw>
<kw name="Click Register Link" library="RegistrationKeywords">
<kw name="Click Link" library="SeleniumLibrary">
<doc>Clicks a link identified by ``locator``.</doc>
<arguments>
<arg>${link_Reg}</arg>
</arguments>
<msg timestamp="20200409 22:44:19.770" level="INFO">Clicking link 'link:REGISTER'.</msg>
<status status="PASS" starttime="20200409 22:44:19.770" endtime="20200409 22:44:21.485"></status>
</kw>
<status status="PASS" starttime="20200409 22:44:19.770" endtime="20200409 22:44:21.485"></status>
</kw>
<kw name="Enter User Details" library="RegistrationKeywords">
<kw name="Input Text" library="SeleniumLibrary">
<doc>Types the given ``text`` into the text field identified by ``locator``.</doc>
<arguments>
<arg>${txt_firstName}</arg>
<arg>ravi</arg>
</arguments>
<msg timestamp="20200409 22:44:21.486" level="INFO">Typing text 'ravi' into text field 'name:firstName'.</msg>
<status status="PASS" starttime="20200409 22:44:21.486" endtime="20200409 22:44:21.621"></status>
</kw>
<kw name="Input Text" library="SeleniumLibrary">
<doc>Types the given ``text`` into the text field identified by ``locator``.</doc>
<arguments>
<arg>${txt_lastName}</arg>
<arg>miriyala</arg>
</arguments>
<msg timestamp="20200409 22:44:21.622" level="INFO">Typing text 'miriyala' into text field 'name:lastName'.</msg>
<status status="PASS" starttime="20200409 22:44:21.621" endtime="20200409 22:44:21.752"></status>
</kw>
<kw name="Input Text" library="SeleniumLibrary">
<doc>Types the given ``text`` into the text field identified by ``locator``.</doc>
<arguments>
<arg>${txt_phone}</arg>
<arg>02020202020</arg>
</arguments>
<msg timestamp="20200409 22:44:21.753" level="INFO">Typing text '02020202020' into text field 'name:phone'.</msg>
<status status="PASS" starttime="20200409 22:44:21.752" endtime="20200409 22:44:21.899"></status>
</kw>
<kw name="Input Text" library="SeleniumLibrary">
<doc>Types the given ``text`` into the text field identified by ``locator``.</doc>
<arguments>
<arg>${txt_email}</arg>
<arg>test@test.com</arg>
</arguments>
<msg timestamp="20200409 22:44:21.899" level="INFO">Typing text 'test@test.com' into text field 'name:email'.</msg>
<status status="PASS" starttime="20200409 22:44:21.899" endtime="20200409 22:44:22.040"></status>
</kw>
<kw name="Input Text" library="SeleniumLibrary">
<doc>Types the given ``text`` into the text field identified by ``locator``.</doc>
<arguments>
<arg>${txt_loginUserName}</arg>
<arg>test@test.com</arg>
</arguments>
<msg timestamp="20200409 22:44:22.041" level="INFO">Typing text 'test@test.com' into text field 'name:userName'.</msg>
<status status="PASS" starttime="20200409 22:44:22.040" endtime="20200409 22:44:22.179"></status>
</kw>
<kw name="Input Text" library="SeleniumLibrary">
<doc>Types the given ``text`` into the text field identified by ``locator``.</doc>
<arguments>
<arg>${txt_add1}</arg>
<arg>13 find</arg>
</arguments>
<msg timestamp="20200409 22:44:22.179" level="INFO">Typing text '13 find' into text field 'name:address1'.</msg>
<status status="PASS" starttime="20200409 22:44:22.179" endtime="20200409 22:44:22.289"></status>
</kw>
<kw name="Input Text" library="SeleniumLibrary">
<doc>Types the given ``text`` into the text field identified by ``locator``.</doc>
<arguments>
<arg>${txt_city}</arg>
<arg>sydney</arg>
</arguments>
<msg timestamp="20200409 22:44:22.290" level="INFO">Typing text 'sydney' into text field 'name:city'.</msg>
<status status="PASS" starttime="20200409 22:44:22.289" endtime="20200409 22:44:22.396"></status>
</kw>
<kw name="Input Text" library="SeleniumLibrary">
<doc>Types the given ``text`` into the text field identified by ``locator``.</doc>
<arguments>
<arg>${txt_postCode}</arg>
<arg>27676</arg>
</arguments>
<msg timestamp="20200409 22:44:22.397" level="INFO">Typing text '27676' into text field 'name:postalCode'.</msg>
<status status="PASS" starttime="20200409 22:44:22.396" endtime="20200409 22:44:22.502"></status>
</kw>
<kw name="Input Text" library="SeleniumLibrary">
<doc>Types the given ``text`` into the text field identified by ``locator``.</doc>
<arguments>
<arg>${txt_password}</arg>
<arg>test1234</arg>
</arguments>
<msg timestamp="20200409 22:44:22.503" level="INFO">Typing text 'test1234' into text field 'name:password'.</msg>
<status status="PASS" starttime="20200409 22:44:22.502" endtime="20200409 22:44:22.624"></status>
</kw>
<kw name="Input Text" library="SeleniumLibrary">
<doc>Types the given ``text`` into the text field identified by ``locator``.</doc>
<arguments>
<arg>${txt_confirmPaddword}</arg>
<arg>test1234</arg>
</arguments>
<msg timestamp="20200409 22:44:22.625" level="INFO">Typing text 'test1234' into text field 'name:confirmPassword'.</msg>
<status status="PASS" starttime="20200409 22:44:22.624" endtime="20200409 22:44:22.739"></status>
</kw>
<kw name="Input Text" library="SeleniumLibrary">
<doc>Types the given ``text`` into the text field identified by ``locator``.</doc>
<arguments>
<arg>${txt_state}</arg>
<arg>nsw</arg>
</arguments>
<msg timestamp="20200409 22:44:22.740" level="INFO">Typing text 'nsw' into text field 'name:state'.</msg>
<status status="PASS" starttime="20200409 22:44:22.739" endtime="20200409 22:44:22.835"></status>
</kw>
<status status="PASS" starttime="20200409 22:44:21.486" endtime="20200409 22:44:22.835"></status>
</kw>
<kw name="Click Submit" library="RegistrationKeywords">
<kw name="Click Button" library="SeleniumLibrary">
<doc>Clicks the button identified by ``locator``.</doc>
<arguments>
<arg>${btn_submit}</arg>
</arguments>
<msg timestamp="20200409 22:44:22.837" level="INFO">Clicking button 'name:register'.</msg>
<status status="PASS" starttime="20200409 22:44:22.836" endtime="20200409 22:45:11.291"></status>
</kw>
<status status="PASS" starttime="20200409 22:44:22.836" endtime="20200409 22:45:11.292"></status>
</kw>
<kw name="Verify Successful Registrations" library="RegistrationKeywords">
<kw name="Page Should Contain" library="SeleniumLibrary">
<doc>Verifies that current page contains ``text``.</doc>
<arguments>
<arg>Thank you for registering.</arg>
</arguments>
<msg timestamp="20200409 22:45:11.321" level="INFO">Current page contains text 'Thank you for registering.'.</msg>
<status status="PASS" starttime="20200409 22:45:11.293" endtime="20200409 22:45:11.321"></status>
</kw>
<status status="PASS" starttime="20200409 22:45:11.292" endtime="20200409 22:45:11.321"></status>
</kw>
<kw name="Close my browsers" library="RegistrationKeywords">
<kw name="Close All Browsers" library="SeleniumLibrary">
<doc>Closes all open browsers and resets the browser cache.</doc>
<status status="PASS" starttime="20200409 22:45:11.322" endtime="20200409 22:45:13.536"></status>
</kw>
<status status="PASS" starttime="20200409 22:45:11.322" endtime="20200409 22:45:13.536"></status>
</kw>
<status status="PASS" starttime="20200409 22:44:07.627" endtime="20200409 22:45:13.536" critical="yes"></status>
</test>
<status status="PASS" starttime="20200409 22:44:07.382" endtime="20200409 22:45:13.539"></status>
</suite>
<statistics>
<total>
<stat pass="1" fail="0">Critical Tests</stat>
<stat pass="1" fail="0">All Tests</stat>
</total>
<tag>
</tag>
<suite>
<stat pass="1" fail="0" id="s1" name="RegistrationTest1">RegistrationTest1</stat>
</suite>
</statistics>
<errors>
</errors>
</robot>
